h:\downloads\ubisoft\68da786c-0585-48e8-a9e0-8c2fdcb78c23_pacman source code\pacman\pacman\debug\vc141.pdb
h:\downloads\ubisoft\68da786c-0585-48e8-a9e0-8c2fdcb78c23_pacman source code\pacman\pacman\debug\vc141.idb
h:\downloads\ubisoft\68da786c-0585-48e8-a9e0-8c2fdcb78c23_pacman source code\pacman\pacman\debug\world.obj
h:\downloads\ubisoft\68da786c-0585-48e8-a9e0-8c2fdcb78c23_pacman source code\pacman\pacman\debug\vector2f.obj
h:\downloads\ubisoft\68da786c-0585-48e8-a9e0-8c2fdcb78c23_pacman source code\pacman\pacman\debug\staticgameentity.obj
h:\downloads\ubisoft\68da786c-0585-48e8-a9e0-8c2fdcb78c23_pacman source code\pacman\pacman\debug\pathmaptile.obj
h:\downloads\ubisoft\68da786c-0585-48e8-a9e0-8c2fdcb78c23_pacman source code\pacman\pacman\debug\pacman.obj
h:\downloads\ubisoft\68da786c-0585-48e8-a9e0-8c2fdcb78c23_pacman source code\pacman\pacman\debug\movablegameentity.obj
h:\downloads\ubisoft\68da786c-0585-48e8-a9e0-8c2fdcb78c23_pacman source code\pacman\pacman\debug\main.obj
h:\downloads\ubisoft\68da786c-0585-48e8-a9e0-8c2fdcb78c23_pacman source code\pacman\pacman\debug\ghostspeedy.obj
h:\downloads\ubisoft\68da786c-0585-48e8-a9e0-8c2fdcb78c23_pacman source code\pacman\pacman\debug\ghostshadow.obj
h:\downloads\ubisoft\68da786c-0585-48e8-a9e0-8c2fdcb78c23_pacman source code\pacman\pacman\debug\ghostpokey.obj
h:\downloads\ubisoft\68da786c-0585-48e8-a9e0-8c2fdcb78c23_pacman source code\pacman\pacman\debug\ghostbashful.obj
h:\downloads\ubisoft\68da786c-0585-48e8-a9e0-8c2fdcb78c23_pacman source code\pacman\pacman\debug\ghost.obj
h:\downloads\ubisoft\68da786c-0585-48e8-a9e0-8c2fdcb78c23_pacman source code\pacman\pacman\debug\gameimage.obj
h:\downloads\ubisoft\68da786c-0585-48e8-a9e0-8c2fdcb78c23_pacman source code\pacman\pacman\debug\gamefont.obj
h:\downloads\ubisoft\68da786c-0585-48e8-a9e0-8c2fdcb78c23_pacman source code\pacman\pacman\debug\gameentity.obj
h:\downloads\ubisoft\68da786c-0585-48e8-a9e0-8c2fdcb78c23_pacman source code\pacman\pacman\debug\drawer.obj
h:\downloads\ubisoft\68da786c-0585-48e8-a9e0-8c2fdcb78c23_pacman source code\pacman\pacman\debug\dot.obj
h:\downloads\ubisoft\68da786c-0585-48e8-a9e0-8c2fdcb78c23_pacman source code\pacman\pacman\debug\cherry.obj
h:\downloads\ubisoft\68da786c-0585-48e8-a9e0-8c2fdcb78c23_pacman source code\pacman\pacman\debug\bigdot.obj
h:\downloads\ubisoft\68da786c-0585-48e8-a9e0-8c2fdcb78c23_pacman source code\pacman\pacman\debug\avatar.obj
h:\downloads\ubisoft\68da786c-0585-48e8-a9e0-8c2fdcb78c23_pacman source code\pacman\debug\pacman.exe
h:\downloads\ubisoft\68da786c-0585-48e8-a9e0-8c2fdcb78c23_pacman source code\pacman\debug\pacman.ilk
h:\downloads\ubisoft\68da786c-0585-48e8-a9e0-8c2fdcb78c23_pacman source code\pacman\debug\pacman.pdb
h:\downloads\ubisoft\68da786c-0585-48e8-a9e0-8c2fdcb78c23_pacman source code\pacman\pacman\debug\pacman.tlog\cl.command.1.tlog
h:\downloads\ubisoft\68da786c-0585-48e8-a9e0-8c2fdcb78c23_pacman source code\pacman\pacman\debug\pacman.tlog\cl.read.1.tlog
h:\downloads\ubisoft\68da786c-0585-48e8-a9e0-8c2fdcb78c23_pacman source code\pacman\pacman\debug\pacman.tlog\cl.write.1.tlog
h:\downloads\ubisoft\68da786c-0585-48e8-a9e0-8c2fdcb78c23_pacman source code\pacman\pacman\debug\pacman.tlog\link.command.1.tlog
h:\downloads\ubisoft\68da786c-0585-48e8-a9e0-8c2fdcb78c23_pacman source code\pacman\pacman\debug\pacman.tlog\link.read.1.tlog
h:\downloads\ubisoft\68da786c-0585-48e8-a9e0-8c2fdcb78c23_pacman source code\pacman\pacman\debug\pacman.tlog\link.write.1.tlog
