h:\ubisoftpacman\pacman\release\vc141.pdb
h:\ubisoftpacman\pacman\release\vector2f.obj
h:\ubisoftpacman\pacman\release\teleport.obj
h:\ubisoftpacman\pacman\release\staticgameentity.obj
h:\ubisoftpacman\pacman\release\pathmaptile.obj
h:\ubisoftpacman\pacman\release\pacman.obj
h:\ubisoftpacman\pacman\release\movablegameentity.obj
h:\ubisoftpacman\pacman\release\main.obj
h:\ubisoftpacman\pacman\release\ghostspeedy.obj
h:\ubisoftpacman\pacman\release\ghostshadow.obj
h:\ubisoftpacman\pacman\release\ghostpokey.obj
h:\ubisoftpacman\pacman\release\ghostbashful.obj
h:\ubisoftpacman\pacman\release\ghost.obj
h:\ubisoftpacman\pacman\release\gameimage.obj
h:\ubisoftpacman\pacman\release\gameentity.obj
h:\ubisoftpacman\pacman\release\drawer.obj
h:\ubisoftpacman\pacman\release\dot.obj
h:\ubisoftpacman\pacman\release\cherry.obj
h:\ubisoftpacman\pacman\release\bigdot.obj
h:\ubisoftpacman\pacman\release\avatar.obj
h:\ubisoftpacman\pacman\release\audioengine.obj
h:\ubisoftpacman\pacman\release\world.obj
h:\ubisoftpacman\release\pacman.exe
h:\ubisoftpacman\release\pacman.pdb
h:\ubisoftpacman\release\pacman.ipdb
h:\ubisoftpacman\release\pacman.iobj
h:\ubisoftpacman\pacman\release\pacman.tlog\cl.command.1.tlog
h:\ubisoftpacman\pacman\release\pacman.tlog\cl.read.1.tlog
h:\ubisoftpacman\pacman\release\pacman.tlog\cl.write.1.tlog
h:\ubisoftpacman\pacman\release\pacman.tlog\link.command.1.tlog
h:\ubisoftpacman\pacman\release\pacman.tlog\link.read.1.tlog
h:\ubisoftpacman\pacman\release\pacman.tlog\link.write.1.tlog
h:\ubisoftpacman\pacman\release\pacman.tlog\pacman.write.1u.tlog
